{
  "RSpec": {
    "coverage": {
      "/app/app/components/public/navbar_component.rb": {
        "lines": [
          null,
          null,
          0,
          0,
          null,
          null
        ],
        "branches": {},
        "methods": {}
      },
      "/app/app/controllers/application_controller.rb": {
        "lines": [
          null,
          null,
          0,
          null,
          0,
          null
        ],
        "branches": {},
        "methods": {}
      },
      "/app/app/controllers/public/about_controller.rb": {
        "lines": [
          0,
          0,
          null,
          null
        ],
        "branches": {},
        "methods": {
          "[\"Public::AboutController\", :show, 2, 2, 3, 5]": 0
        }
      },
      "/app/app/controllers/public/contact_controller.rb": {
        "lines": [
          0,
          0,
          null,
          null
        ],
        "branches": {},
        "methods": {
          "[\"Public::ContactController\", :show, 2, 2, 3, 5]": 0
        }
      },
      "/app/app/controllers/public/help_requests_controller.rb": {
        "lines": [
          null,
          null,
          0,
          0,
          0,
          null,
          null
        ],
        "branches": {},
        "methods": {
          "[\"HelpRequestsController\", :new, 5, 4, 5, 16]": 0
        }
      },
      "/app/app/controllers/public/home_controller.rb": {
        "lines": [
          null,
          null,
          0,
          0,
          0,
          null,
          null
        ],
        "branches": {},
        "methods": {
          "[\"HomeController\", :index, 5, 4, 5, 18]": 0
        }
      },
      "/app/app/controllers/public/how_it_works_controller.rb": {
        "lines": [
          0,
          0,
          null,
          null
        ],
        "branches": {},
        "methods": {
          "[\"Public::HowItWorksController\", :show, 2, 2, 3, 5]": 0
        }
      },
      "/app/app/helpers/application_helper.rb": {
        "lines": [
          null,
          null,
          1,
          null
        ]
      },
      "/app/app/helpers/public/about_helper.rb": {
        "lines": [
          1,
          null
        ]
      },
      "/app/app/helpers/public/contact_helper.rb": {
        "lines": [
          1,
          null
        ]
      },
      "/app/app/helpers/public/help_requests_helper.rb": {
        "lines": [
          null,
          null,
          1,
          1,
          1,
          0,
          null,
          null,
          null
        ]
      },
      "/app/app/helpers/public/home_helper.rb": {
        "lines": [
          null,
          null,
          1,
          1,
          null,
          null
        ]
      },
      "/app/app/helpers/public/how_it_works_helper.rb": {
        "lines": [
          1,
          null
        ]
      },
      "/app/app/jobs/application_job.rb": {
        "lines": [
          null,
          null,
          0,
          null,
          null,
          null,
          null,
          null,
          null
        ],
        "branches": {},
        "methods": {}
      },
      "/app/app/mailers/application_mailer.rb": {
        "lines": [
          null,
          null,
          0,
          0,
          0,
          null
        ],
        "branches": {},
        "methods": {}
      },
      "/app/app/models/application_record.rb": {
        "lines": [
          null,
          null,
          1,
          1,
          null
        ]
      },
      "/app/app/models/room.rb": {
        "lines": [
          1,
          1,
          null,
          1,
          1,
          1,
          null,
          1,
          null,
          1,
          6,
          4,
          null,
          1,
          null,
          null
        ]
      }
    },
    "timestamp": 1786645053
  }
}
